DEBUG    |2023-08-23 19:20:35,147| msg: Старт банкомата
DEBUG    |2023-08-23 19:20:43,131| msg: Метод для внесения денег
DEBUG    |2023-08-23 19:20:43,131| msg: Проверка деления на 50
ERROR    |2023-08-23 19:20:43,131| msg: Ошибка внесения: неверная сумма 115.0!
DEBUG    |2023-08-23 19:20:43,131| msg: Метод начисления процентов за каждую третью операцию в банкомате
DEBUG    |2023-08-23 19:20:43,131| msg: Старт банкомата
DEBUG    |2023-08-23 19:20:48,907| msg: Метод для снятия денег
DEBUG    |2023-08-23 19:20:48,907| msg: Проверка деления на 50
ERROR    |2023-08-23 19:20:48,907| msg: Ошибка снятия денег: неверная сумма 152.0!
DEBUG    |2023-08-23 19:20:48,907| msg: Метод начисления процентов за каждую третью операцию в банкомате
DEBUG    |2023-08-23 19:20:48,907| msg: Старт банкомата
DEBUG    |2023-08-23 19:20:50,276| msg: Метод загрузки состояния из JSON 
INFO     |2023-08-23 19:20:50,276| msg: Файл save.json загружен из данной директории...баланс, история операций и счетчик обновлены !
DEBUG    |2023-08-23 19:20:50,276| msg: Метод начисления процентов за каждую третью операцию в банкомате
DEBUG    |2023-08-23 19:20:50,277| msg: Старт банкомата
DEBUG    |2023-08-23 19:20:55,427| msg: Метод для снятия денег
DEBUG    |2023-08-23 19:20:55,427| msg: Проверка деления на 50
ERROR    |2023-08-23 19:20:55,427| msg: Ошибка снятия денег: запрос 50000.0 у.е, недостаточно средств!
DEBUG    |2023-08-23 19:20:55,427| msg: Метод начисления процентов за каждую третью операцию в банкомате
DEBUG    |2023-08-23 19:20:55,428| msg: Старт банкомата
